Arguments: 
  /home/albertojcvs/.nvm/versions/node/v17.1.0/bin/node /home/albertojcvs/.nvm/versions/node/v17.1.0/bin/yarn add typescript ts-node-dev express @express/types

PATH: 
  /home/albertojcvs/.nvm/versions/node/v17.1.0/bin:/usr/local/sbin:/usr/local/bin:/usr/sbin:/usr/bin:/sbin:/bin:/usr/games:/usr/local/games:/snap/bin

Yarn version: 
  1.22.17

Node version: 
  17.1.0

Platform: 
  linux x64

Trace: 
  Error: https://registry.yarnpkg.com/@express%2ftypes: Not found
      at Request.params.callback [as _callback] (/home/albertojcvs/.nvm/versions/node/v17.1.0/lib/node_modules/yarn/lib/cli.js:67029:18)
      at Request.self.callback (/home/albertojcvs/.nvm/versions/node/v17.1.0/lib/node_modules/yarn/lib/cli.js:140883:22)
      at Request.emit (node:events:390:28)
      at Request.<anonymous> (/home/albertojcvs/.nvm/versions/node/v17.1.0/lib/node_modules/yarn/lib/cli.js:141855:10)
      at Request.emit (node:events:390:28)
      at IncomingMessage.<anonymous> (/home/albertojcvs/.nvm/versions/node/v17.1.0/lib/node_modules/yarn/lib/cli.js:141777:12)
      at Object.onceWrapper (node:events:509:28)
      at IncomingMessage.emit (node:events:402:35)
      at endReadableNT (node:internal/streams/readable:1340:12)
      at processTicksAndRejections (node:internal/process/task_queues:83:21)

npm manifest: 
  {
    "name": "service_one",
    "version": "1.0.0",
    "main": "index.js",
    "license": "MIT"
  }

yarn manifest: 
  No manifest

Lockfile: 
  No lockfile
